[2019-02-11 11:24:41] 배치 Thread 실행
[2019-02-11 11:25:03] Analysis Demon이 시작되었습니다...
[2019-02-11 16:04:14] 배치 Thread 실행
[2019-02-11 16:04:14] Analysis Demon이 시작되었습니다...
[2019-02-11 16:04:15] org.postgresql.util.PSQLException: ERROR: column "mdr_org_logdate" does not exist
  Hint: Perhaps you meant to reference the column "sldm_pdrm_dslog_info.sldm_org_logdate".
  Position: 40
[2019-02-11 16:06:06] 배치 Thread 실행
[2019-02-11 16:06:06] Analysis Demon이 시작되었습니다...
[2019-02-11 16:06:51] 배치 Thread 실행
[2019-02-11 16:06:51] Analysis Demon이 시작되었습니다...
[2019-02-11 16:07:49] 배치 Thread 실행
[2019-02-11 16:07:49] Analysis Demon이 시작되었습니다...
[2019-02-11 16:09:06] 배치 Thread 실행
[2019-02-11 16:09:06] Analysis Demon이 시작되었습니다...
[2019-02-11 16:10:09] 배치 Thread 실행
[2019-02-11 16:10:09] Analysis Demon이 시작되었습니다...
[2019-02-11 16:46:37] 배치 Thread 실행
[2019-02-11 16:46:37] Analysis Demon이 시작되었습니다...
[2019-02-11 16:51:38] 배치 Thread 실행
[2019-02-11 16:51:38] Analysis Demon이 시작되었습니다...
[2019-02-11 16:51:38] org.postgresql.util.PSQLException: ERROR: syntax error at or near ","
  Position: 607
[2019-02-11 16:53:24] 배치 Thread 실행
[2019-02-11 16:53:24] Analysis Demon이 시작되었습니다...
[2019-02-11 16:53:31] org.postgresql.util.PSQLException: ERROR: syntax error at or near ","
  Position: 607
[2019-02-11 16:53:40] 배치 Thread 실행
[2019-02-11 16:53:40] Analysis Demon이 시작되었습니다...
[2019-02-11 16:53:43] org.postgresql.util.PSQLException: ERROR: syntax error at or near ","
  Position: 607
[2019-02-11 16:53:45] 배치 Thread 실행
[2019-02-11 16:53:45] Analysis Demon이 시작되었습니다...
[2019-02-11 16:54:33] 배치 Thread 실행
[2019-02-11 16:54:33] Analysis Demon이 시작되었습니다...
[2019-02-11 16:58:38] 배치 Thread 실행
[2019-02-11 16:58:38] Analysis Demon이 시작되었습니다...
[2019-02-11 17:06:18] 배치 Thread 실행
[2019-02-11 17:06:18] Analysis Demon이 시작되었습니다...
[2019-02-11 17:07:55] 배치 Thread 실행
[2019-02-11 17:07:55] Analysis Demon이 시작되었습니다...
[2019-02-11 17:09:44] 배치 Thread 실행
[2019-02-11 17:09:44] Analysis Demon이 시작되었습니다...
[2019-02-11 17:10:31] java.lang.StringIndexOutOfBoundsException: String index out of range: -1
[2019-02-11 17:41:30] 배치 Thread 실행
[2019-02-11 17:41:30] Analysis Demon이 시작되었습니다...
[2019-02-11 17:41:42] org.postgresql.util.PSQLException: ERROR: relation "sldm_dlp_vcontentsoutflowlog" does not exist
  Position: 13
[2019-02-11 17:42:21] 배치 Thread 실행
[2019-02-11 17:42:21] Analysis Demon이 시작되었습니다...
[2019-02-11 17:42:26] org.postgresql.util.PSQLException: ERROR: syntax error at or near "rm"
  Position: 571
[2019-02-11 17:43:44] 배치 Thread 실행
[2019-02-11 17:43:44] Analysis Demon이 시작되었습니다...
[2019-02-11 17:45:19] 배치 Thread 실행
[2019-02-11 17:45:19] Analysis Demon이 시작되었습니다...
[2019-02-11 17:45:26] org.postgresql.util.PSQLException: ERROR: column "protocol" does not exist
  Hint: There is a column named "protocol" in table "sldm_stg_tnt20", but it cannot be referenced from this part of the query.
  Position: 556
[2019-02-11 17:49:01] 배치 Thread 실행
[2019-02-11 17:49:01] Analysis Demon이 시작되었습니다...
[2019-02-11 18:35:12] 배치 Thread 실행
[2019-02-11 18:35:12] Analysis Demon이 시작되었습니다...
[2019-02-11 18:36:49] 배치 Thread 실행
[2019-02-11 18:36:49] Analysis Demon이 시작되었습니다...
[2019-02-11 18:38:21] 배치 Thread 실행
[2019-02-11 18:38:21] Analysis Demon이 시작되었습니다...
[2019-02-11 18:39:24] 배치 Thread 실행
[2019-02-11 18:39:24] Analysis Demon이 시작되었습니다...
[2019-02-11 18:50:14] 배치 Thread 실행
[2019-02-11 18:50:14] Analysis Demon이 시작되었습니다...
[2019-02-11 18:51:30] 배치 Thread 실행
[2019-02-11 18:51:30] Analysis Demon이 시작되었습니다...
[2019-02-11 18:53:47] 배치 Thread 실행
[2019-02-11 18:53:47] Analysis Demon이 시작되었습니다...
[2019-02-11 18:55:54] 배치 Thread 실행
[2019-02-11 18:55:54] Analysis Demon이 시작되었습니다...
[2019-02-11 19:00:50] 배치 Thread 실행
[2019-02-11 19:00:50] Analysis Demon이 시작되었습니다...
[2019-02-11 19:02:19] 배치 Thread 실행
[2019-02-11 19:02:19] Analysis Demon이 시작되었습니다...
