[2019-01-23 11:34:15] 배치 Thread 실행
[2019-01-23 11:34:15] Collector Demon이 시작되었습니다...
[2019-01-23 11:34:16] [ condition query ] qdatetime > $$condition_value$$ [ condition value ] '2019-01-22'
[2019-01-23 11:34:16] [ collect_query ] select ldpa,qdatetime,sender,senderno,sendername,senderdept,act,adatetime,actemail,subj,rcpt,reason,attname from view_mlist WHERE qdatetime > '2019-01-22' ORDER BY qdatetime
[2019-01-23 11:34:16] [ view_mlist ] Log 수집 데이터 없음..... 파일생성 및 전송 미처리...
[2019-01-23 11:35:55] 배치 Thread 실행
[2019-01-23 11:35:55] Collector Demon이 시작되었습니다...
[2019-01-23 11:35:56] [ condition query ] qdatetime > $$condition_value$$ [ condition value ] '2019-01-22'
[2019-01-23 11:35:56] [ collect_query ] select ldpa,qdatetime,sender,senderno,sendername,senderdept,act,adatetime,actemail,subj,rcpt,reason,attname from view_mlist WHERE qdatetime > '2019-01-22' ORDER BY qdatetime
[2019-01-23 11:35:56] [ view_mlist ] Log 수집 데이터 없음..... 파일생성 및 전송 미처리...
[2019-01-23 11:36:42] 배치 Thread 실행
[2019-01-23 11:36:42] Collector Demon이 시작되었습니다...
[2019-01-23 11:36:42] [ condition query ] qdatetime > $$condition_value$$ [ condition value ] '2019-01-22'
[2019-01-23 11:36:42] [ collect_query ] select ldpa,qdatetime,sender,senderno,sendername,senderdept,act,adatetime,actemail,subj,rcpt,reason,attname from view_mlist WHERE qdatetime > '2019-01-22' ORDER BY qdatetime
[2019-01-23 11:36:43] Data Parsing Start
[2019-01-23 11:36:43] Data Insert Stop - Total Count : 1000
[2019-01-23 11:37:39] 배치 Thread 실행
[2019-01-23 11:37:39] Collector Demon이 시작되었습니다...
[2019-01-23 11:37:40] [ condition query ] last_detect_time > $$condition_value$$ [ condition value ] '2019-01-22'
[2019-01-23 11:37:40] [ collect_query ] select info_employee_num,connip,mac,detect_date,first_detect_time,user_key,computer,login_account,maldtc_key,mal_loc,file_type,mal_name,mal_category,engine_type,treat_type,detect_count,dgr_type,file_count,is_changed,last_detect_time from maldtc_info WHERE last_detect_time > '2019-01-22' ORDER BY last_detect_time
[2019-01-23 11:37:40] [ maldtc_info ] Log 수집 데이터 없음..... 파일생성 및 전송 미처리...
[2019-01-23 18:08:13] 배치 Thread 실행
[2019-01-23 18:08:13] Analysis Demon이 시작되었습니다...
[2019-01-23 18:09:16] 배치 Thread 실행
[2019-01-23 18:09:16] Analysis Demon이 시작되었습니다...
[2019-01-23 18:10:31] 배치 Thread 실행
[2019-01-23 18:10:31] Analysis Demon이 시작되었습니다...
[2019-01-23 18:12:34] 배치 Thread 실행
[2019-01-23 18:12:34] Analysis Demon이 시작되었습니다...
[2019-01-23 18:24:43] java.lang.NumberFormatException: null
[2019-01-23 18:25:23] 배치 Thread 실행
[2019-01-23 18:25:23] Analysis Demon이 시작되었습니다...
[2019-01-23 18:25:38] java.lang.NumberFormatException: null
[2019-01-23 18:27:17] 배치 Thread 실행
[2019-01-23 18:27:17] Analysis Demon이 시작되었습니다...
[2019-01-23 18:28:10] java.lang.NumberFormatException: null
