[2019-02-18 10:48:28] 배치 Thread 실행
[2019-02-18 10:48:28] Analysis Demon이 시작되었습니다...
[2019-02-18 10:48:33] Extract data proc elapsed time : 4 Sec
[2019-02-18 10:48:35] Level etract data proc elapsed time : 2 Sec
[2019-02-18 10:50:35] Evaluate level data proc elapsed time : 119 Sec
[2019-02-18 10:51:14] Level Summary data proc elapsed time : 39 Sec
[2019-02-18 10:51:18] Summary data proc elapsed time : 3 Sec
[2019-02-18 10:51:18] Total data proc elapsed time : 3 Sec
[2019-02-18 10:51:18] Analysis proc end.
[2019-02-18 10:55:27] 배치 Thread 실행
[2019-02-18 10:55:27] Analysis Demon이 시작되었습니다...
[2019-02-18 10:55:32] Extract data proc elapsed time : 3 Sec
[2019-02-18 10:55:33] Level etract data proc elapsed time : 1 Sec
[2019-02-18 10:59:04] Evaluate level data proc elapsed time : 210 Sec
[2019-02-18 10:59:47] Level Summary data proc elapsed time : 43 Sec
[2019-02-18 10:59:52] Summary data proc elapsed time : 4 Sec
[2019-02-18 10:59:52] Total data proc elapsed time : 4 Sec
[2019-02-18 10:59:52] Analysis proc end.
[2019-02-18 11:29:23] 배치 Thread 실행
[2019-02-18 11:29:23] Analysis Demon이 시작되었습니다...
[2019-02-18 11:29:30] Extract data proc elapsed time : 6 Sec
[2019-02-18 11:29:32] Level etract data proc elapsed time : 1 Sec
[2019-02-18 11:29:36] Evaluate proc 1.
[2019-02-18 11:29:37] Evaluate proc 2.
[2019-02-18 11:29:37] Evaluate proc 2.
[2019-02-18 11:29:37] Evaluate proc 2.
[2019-02-18 11:29:38] Evaluate proc 2.
[2019-02-18 11:29:38] Evaluate proc 2.
[2019-02-18 11:29:38] Evaluate proc 2.
[2019-02-18 11:29:39] Evaluate proc 2.
[2019-02-18 11:29:39] Evaluate proc 2.
[2019-02-18 11:29:39] Evaluate proc 2.
[2019-02-18 11:29:39] Evaluate proc 2.
[2019-02-18 11:29:40] Evaluate proc 2.
[2019-02-18 11:29:40] Evaluate proc 2.
[2019-02-18 11:29:40] Evaluate proc 2.
[2019-02-18 11:29:40] Evaluate proc 2.
[2019-02-18 11:29:41] Evaluate proc 2.
[2019-02-18 11:29:41] Evaluate proc 2.
[2019-02-18 11:29:41] Evaluate proc 2.
[2019-02-18 11:29:41] Evaluate proc 2.
[2019-02-18 11:29:41] Evaluate proc 2.
[2019-02-18 11:29:41] Evaluate proc 2.
[2019-02-18 11:29:41] Evaluate proc 2.
[2019-02-18 11:29:41] Evaluate proc 2.
[2019-02-18 11:29:42] Evaluate proc 2.
[2019-02-18 11:29:42] Evaluate proc 2.
[2019-02-18 11:29:42] Evaluate proc 2.
[2019-02-18 11:29:42] Evaluate proc 2.
[2019-02-18 11:29:42] Evaluate proc 2.
[2019-02-18 11:29:43] Evaluate proc 2.
[2019-02-18 11:29:43] Evaluate proc 2.
[2019-02-18 11:29:43] Evaluate proc 2.
[2019-02-18 11:29:43] Evaluate proc 2.
[2019-02-18 11:29:43] Evaluate proc 2.
[2019-02-18 11:29:43] Evaluate proc 2.
[2019-02-18 11:29:43] Evaluate proc 2.
[2019-02-18 11:29:44] Evaluate proc 2.
[2019-02-18 11:29:44] Evaluate proc 2.
[2019-02-18 11:29:44] Evaluate proc 2.
[2019-02-18 11:29:44] Evaluate proc 2.
[2019-02-18 11:29:44] Evaluate proc 2.
[2019-02-18 11:29:44] Evaluate proc 2.
[2019-02-18 11:29:45] Evaluate proc 2.
[2019-02-18 11:29:45] Evaluate proc 2.
[2019-02-18 11:29:45] Evaluate proc 2.
[2019-02-18 11:29:45] Evaluate proc 2.
[2019-02-18 11:29:45] Evaluate proc 2.
[2019-02-18 11:29:46] Evaluate proc 2.
[2019-02-18 11:29:46] Evaluate proc 2.
[2019-02-18 11:29:46] Evaluate proc 2.
[2019-02-18 11:29:46] Evaluate proc 2.
[2019-02-18 11:29:47] Evaluate proc 2.
[2019-02-18 11:29:47] Evaluate proc 2.
[2019-02-18 11:29:47] Evaluate proc 2.
[2019-02-18 11:29:47] Evaluate proc 2.
[2019-02-18 11:29:47] Evaluate proc 2.
[2019-02-18 11:29:47] Evaluate proc 2.
[2019-02-18 11:29:47] Evaluate proc 2.
[2019-02-18 11:29:47] Evaluate proc 2.
[2019-02-18 11:29:48] Evaluate proc 2.
[2019-02-18 11:29:48] Evaluate proc 2.
[2019-02-18 11:29:48] Evaluate proc 2.
[2019-02-18 11:29:48] Evaluate proc 2.
[2019-02-18 11:29:48] Evaluate proc 2.
[2019-02-18 11:29:48] Evaluate proc 2.
[2019-02-18 11:29:48] Evaluate proc 2.
[2019-02-18 11:29:48] Evaluate proc 2.
[2019-02-18 11:29:48] Evaluate proc 2.
[2019-02-18 11:29:48] Evaluate proc 2.
[2019-02-18 11:29:49] Evaluate proc 2.
[2019-02-18 11:29:49] Evaluate proc 2.
[2019-02-18 11:29:49] Evaluate proc 2.
[2019-02-18 11:29:49] Evaluate proc 2.
[2019-02-18 11:29:49] Evaluate proc 2.
[2019-02-18 11:29:49] Evaluate proc 2.
[2019-02-18 11:29:49] Evaluate proc 2.
[2019-02-18 11:29:49] Evaluate proc 2.
[2019-02-18 11:29:49] Evaluate proc 2.
[2019-02-18 11:29:50] Evaluate proc 2.
[2019-02-18 11:29:50] Evaluate proc 2.
[2019-02-18 11:29:50] Evaluate proc 2.
[2019-02-18 11:29:50] Evaluate proc 2.
[2019-02-18 11:29:50] Evaluate proc 2.
[2019-02-18 11:29:50] Evaluate proc 2.
[2019-02-18 11:29:51] Evaluate proc 2.
[2019-02-18 11:29:51] Evaluate proc 2.
[2019-02-18 11:29:51] Evaluate proc 2.
[2019-02-18 11:29:51] Evaluate proc 2.
[2019-02-18 11:29:51] Evaluate proc 2.
[2019-02-18 11:29:51] Evaluate proc 2.
[2019-02-18 11:29:51] Evaluate proc 2.
[2019-02-18 11:29:51] Evaluate proc 2.
[2019-02-18 11:29:51] Evaluate proc 2.
[2019-02-18 11:29:51] Evaluate proc 2.
[2019-02-18 11:29:51] Evaluate proc 2.
[2019-02-18 11:29:51] Evaluate proc 2.
[2019-02-18 11:29:51] Evaluate proc 2.
[2019-02-18 11:29:51] Evaluate proc 2.
[2019-02-18 11:29:52] Evaluate proc 2.
[2019-02-18 11:29:52] Evaluate proc 2.
[2019-02-18 11:29:52] Evaluate proc 2.
[2019-02-18 11:29:52] Evaluate proc 2.
[2019-02-18 11:29:52] Evaluate proc 2.
[2019-02-18 11:29:52] Evaluate proc 2.
[2019-02-18 11:29:52] Evaluate proc 2.
[2019-02-18 11:29:52] Evaluate proc 2.
[2019-02-18 11:29:52] Evaluate proc 2.
[2019-02-18 11:29:52] Evaluate proc 2.
[2019-02-18 11:29:52] Evaluate proc 2.
[2019-02-18 11:29:53] Evaluate proc 2.
[2019-02-18 11:29:53] Evaluate proc 2.
[2019-02-18 11:29:53] Evaluate proc 2.
[2019-02-18 11:29:53] Evaluate proc 2.
[2019-02-18 11:29:53] Evaluate proc 2.
[2019-02-18 11:29:53] Evaluate proc 2.
[2019-02-18 11:29:53] Evaluate proc 2.
[2019-02-18 11:29:53] Evaluate proc 2.
[2019-02-18 11:29:53] Evaluate proc 2.
[2019-02-18 11:29:53] Evaluate proc 2.
[2019-02-18 11:29:53] Evaluate proc 2.
[2019-02-18 11:29:53] Evaluate proc 2.
[2019-02-18 11:29:53] Evaluate proc 2.
[2019-02-18 11:29:53] Evaluate proc 2.
[2019-02-18 11:29:53] Evaluate proc 2.
[2019-02-18 11:29:53] Evaluate proc 2.
[2019-02-18 11:29:53] Evaluate proc 2.
[2019-02-18 11:29:54] Evaluate proc 2.
[2019-02-18 11:29:54] Evaluate proc 2.
[2019-02-18 11:29:54] Evaluate proc 2.
[2019-02-18 11:29:54] Evaluate proc 2.
[2019-02-18 11:29:54] Evaluate proc 2.
[2019-02-18 11:29:54] Evaluate proc 2.
[2019-02-18 11:29:54] Evaluate proc 2.
[2019-02-18 11:29:54] Evaluate proc 2.
[2019-02-18 11:29:54] Evaluate proc 2.
[2019-02-18 11:29:54] Evaluate proc 2.
[2019-02-18 11:29:54] Evaluate proc 2.
[2019-02-18 11:29:54] Evaluate proc 2.
[2019-02-18 11:31:01] Evaluate proc 3.
[2019-02-18 11:32:36] Evaluate proc 4.
[2019-02-18 11:32:55] Evaluate proc 5.
[2019-02-18 11:32:55] Evaluate level data proc elapsed time : 202 Sec
[2019-02-18 11:33:39] Level Summary data proc elapsed time : 44 Sec
[2019-02-18 11:33:47] Summary data proc elapsed time : 7 Sec
[2019-02-18 11:33:47] Total data proc elapsed time : 262 Sec
[2019-02-18 11:33:47] Analysis proc end.
