[2019-02-12 11:17:37] 배치 Thread 실행
[2019-02-12 11:17:37] Analysis Demon이 시작되었습니다...
[2019-02-12 11:18:19] 배치 Thread 실행
[2019-02-12 11:18:19] Analysis Demon이 시작되었습니다...
[2019-02-12 11:31:45] 배치 Thread 실행
[2019-02-12 11:31:45] Analysis Demon이 시작되었습니다...
[2019-02-12 11:33:44] 배치 Thread 실행
[2019-02-12 11:33:44] Analysis Demon이 시작되었습니다...
[2019-02-12 13:44:58] 배치 Thread 실행
[2019-02-12 13:44:58] Analysis Demon이 시작되었습니다...
[2019-02-12 13:44:59] java.util.MissingFormatArgumentException: Format specifier '%s'
[2019-02-12 13:44:59] Summary Failed.
[2019-02-12 13:46:21] 배치 Thread 실행
[2019-02-12 13:46:21] Analysis Demon이 시작되었습니다...
[2019-02-12 13:46:43] Level Summary Failed.
[2019-02-12 13:48:18] 배치 Thread 실행
[2019-02-12 13:48:18] Analysis Demon이 시작되었습니다...
[2019-02-12 13:55:29] 배치 Thread 실행
[2019-02-12 13:55:29] Analysis Demon이 시작되었습니다...
[2019-02-12 13:59:37] 배치 Thread 실행
[2019-02-12 13:59:37] Analysis Demon이 시작되었습니다...
[2019-02-12 14:01:12] 배치 Thread 실행
[2019-02-12 14:01:12] Analysis Demon이 시작되었습니다...
[2019-02-12 15:55:18] 배치 Thread 실행
[2019-02-12 15:55:18] Analysis Demon이 시작되었습니다...
[2019-02-12 15:55:26] Analysis Demon이 시작되었습니다...
[2019-02-12 15:57:33] org.postgresql.util.PSQLException: The column index is out of range: 6, number of columns: 5.
[2019-02-12 15:57:33] Level Summary Failed.
[2019-02-12 16:00:03] 배치 Thread 실행
[2019-02-12 16:00:03] Analysis Demon이 시작되었습니다...
[2019-02-12 16:18:59] 배치 Thread 실행
[2019-02-12 16:18:59] Analysis Demon이 시작되었습니다...
[2019-02-12 16:20:44] 배치 Thread 실행
[2019-02-12 16:20:44] Analysis Demon이 시작되었습니다...
[2019-02-12 16:21:11] Analysis Demon이 시작되었습니다...
[2019-02-12 16:21:36] 배치 Thread 실행
[2019-02-12 16:21:36] Analysis Demon이 시작되었습니다...
[2019-02-12 16:22:19] 배치 Thread 실행
[2019-02-12 16:22:19] Analysis Demon이 시작되었습니다...
[2019-02-12 16:28:02] 배치 Thread 실행
[2019-02-12 16:28:02] Analysis Demon이 시작되었습니다...
[2019-02-12 16:30:20] 배치 Thread 실행
[2019-02-12 16:30:20] Analysis Demon이 시작되었습니다...
[2019-02-12 16:33:12] 배치 Thread 실행
[2019-02-12 16:33:12] Analysis Demon이 시작되었습니다...
[2019-02-12 16:33:13] Extract data proc start : Tue Feb 12 16:33:13 KST 2019
[2019-02-12 16:33:13] Extract data proc end : Tue Feb 12 16:33:13 KST 2019
[2019-02-12 16:33:13] Level Extract data proc start : Tue Feb 12 16:33:13 KST 2019
[2019-02-12 16:33:13] Level Extract data proc end : Tue Feb 12 16:33:13 KST 2019
[2019-02-12 16:33:13] Evaluate Level data proc start : Tue Feb 12 16:33:13 KST 2019
[2019-02-12 16:33:14] Evaluate Level data proc end : Tue Feb 12 16:33:13 KST 2019
[2019-02-12 16:33:14] Level summary data proc start : Tue Feb 12 16:33:14 KST 2019
[2019-02-12 16:33:14] Level summary data proc end : Tue Feb 12 16:33:14 KST 2019
[2019-02-12 16:33:14] summary data proc start : Tue Feb 12 16:33:14 KST 2019
[2019-02-12 16:33:14] summary data proc end : Tue Feb 12 16:33:14 KST 2019
[2019-02-12 16:33:52] 배치 Thread 실행
[2019-02-12 16:33:52] Analysis Demon이 시작되었습니다...
[2019-02-12 16:33:53] Extract data proc start : Tue Feb 12 16:33:53 KST 2019
[2019-02-12 16:33:53] Extract data proc end : Tue Feb 12 16:33:53 KST 2019
[2019-02-12 16:33:53] Level Extract data proc start : Tue Feb 12 16:33:53 KST 2019
[2019-02-12 16:33:53] Level Extract data proc end : Tue Feb 12 16:33:53 KST 2019
[2019-02-12 16:33:53] Evaluate Level data proc start : Tue Feb 12 16:33:53 KST 2019
[2019-02-12 16:33:54] Evaluate Level data proc end : Tue Feb 12 16:33:53 KST 2019
[2019-02-12 16:33:54] Level summary data proc start : Tue Feb 12 16:33:54 KST 2019
[2019-02-12 16:33:54] Level summary data proc end : Tue Feb 12 16:33:54 KST 2019
[2019-02-12 16:33:54] summary data proc start : Tue Feb 12 16:33:54 KST 2019
[2019-02-12 16:33:54] summary data proc end : Tue Feb 12 16:33:54 KST 2019
[2019-02-12 16:43:09] 배치 Thread 실행
[2019-02-12 16:43:09] Analysis Demon이 시작되었습니다...
[2019-02-12 16:43:09] Extract data proc start : Tue Feb 12 16:43:09 KST 2019
[2019-02-12 16:43:10] Extract data proc end : Tue Feb 12 16:43:09 KST 2019
[2019-02-12 16:43:10] Level Extract data proc start : Tue Feb 12 16:43:10 KST 2019
[2019-02-12 16:43:10] Level Extract data proc end : Tue Feb 12 16:43:10 KST 2019
[2019-02-12 16:43:10] Evaluate Level data proc start : Tue Feb 12 16:43:10 KST 2019
[2019-02-12 16:43:10] Evaluate Level data proc end : Tue Feb 12 16:43:10 KST 2019
[2019-02-12 16:43:10] Level summary data proc start : Tue Feb 12 16:43:10 KST 2019
[2019-02-12 16:43:10] Level summary data proc end : Tue Feb 12 16:43:10 KST 2019
[2019-02-12 16:43:10] summary data proc start : Tue Feb 12 16:43:10 KST 2019
[2019-02-12 16:43:10] summary data proc end : Tue Feb 12 16:43:10 KST 2019
[2019-02-12 16:43:30] 배치 Thread 실행
[2019-02-12 16:43:30] Analysis Demon이 시작되었습니다...
[2019-02-12 16:43:31] Extract data proc start : 2019-02-12 16:43:31
[2019-02-12 16:43:31] Extract data proc end : Tue Feb 12 16:43:31 KST 2019
[2019-02-12 16:43:31] Level Extract data proc start : Tue Feb 12 16:43:31 KST 2019
[2019-02-12 16:43:31] Level Extract data proc end : Tue Feb 12 16:43:31 KST 2019
[2019-02-12 16:43:31] Evaluate Level data proc start : Tue Feb 12 16:43:31 KST 2019
[2019-02-12 16:43:31] Evaluate Level data proc end : Tue Feb 12 16:43:31 KST 2019
[2019-02-12 16:43:31] Level summary data proc start : Tue Feb 12 16:43:31 KST 2019
[2019-02-12 16:43:31] Level summary data proc end : Tue Feb 12 16:43:31 KST 2019
[2019-02-12 16:43:31] summary data proc start : Tue Feb 12 16:43:31 KST 2019
[2019-02-12 16:43:32] summary data proc end : Tue Feb 12 16:43:31 KST 2019
[2019-02-12 16:43:59] 배치 Thread 실행
[2019-02-12 16:43:59] Analysis Demon이 시작되었습니다...
[2019-02-12 16:44:00] Extract data proc start : 2019-02-12 16:44:81.000
[2019-02-12 16:44:00] Extract data proc end : Tue Feb 12 16:44:00 KST 2019
[2019-02-12 16:44:00] Level Extract data proc start : Tue Feb 12 16:44:00 KST 2019
[2019-02-12 16:44:00] Level Extract data proc end : Tue Feb 12 16:44:00 KST 2019
[2019-02-12 16:44:00] Evaluate Level data proc start : Tue Feb 12 16:44:00 KST 2019
[2019-02-12 16:44:00] Evaluate Level data proc end : Tue Feb 12 16:44:00 KST 2019
[2019-02-12 16:44:00] Level summary data proc start : Tue Feb 12 16:44:00 KST 2019
[2019-02-12 16:44:00] Level summary data proc end : Tue Feb 12 16:44:00 KST 2019
[2019-02-12 16:44:00] summary data proc start : Tue Feb 12 16:44:00 KST 2019
[2019-02-12 16:44:00] summary data proc end : Tue Feb 12 16:44:00 KST 2019
[2019-02-12 16:44:21] 배치 Thread 실행
[2019-02-12 16:44:21] Analysis Demon이 시작되었습니다...
[2019-02-12 16:44:22] Extract data proc start : 2019-02-12 16:44:22.007
[2019-02-12 16:44:22] Extract data proc end : Tue Feb 12 16:44:22 KST 2019
[2019-02-12 16:44:22] Level Extract data proc start : Tue Feb 12 16:44:22 KST 2019
[2019-02-12 16:44:22] Level Extract data proc end : Tue Feb 12 16:44:22 KST 2019
[2019-02-12 16:44:22] Evaluate Level data proc start : Tue Feb 12 16:44:22 KST 2019
[2019-02-12 16:44:22] Evaluate Level data proc end : Tue Feb 12 16:44:22 KST 2019
[2019-02-12 16:44:22] Level summary data proc start : Tue Feb 12 16:44:22 KST 2019
[2019-02-12 16:44:22] Level summary data proc end : Tue Feb 12 16:44:22 KST 2019
[2019-02-12 16:44:22] summary data proc start : Tue Feb 12 16:44:22 KST 2019
[2019-02-12 16:44:22] summary data proc end : Tue Feb 12 16:44:22 KST 2019
[2019-02-12 16:46:08] 배치 Thread 실행
[2019-02-12 16:46:08] Analysis Demon이 시작되었습니다...
[2019-02-12 16:46:08] Extract data proc start : 2019-02-12 16:46:08.979
[2019-02-12 16:46:09] Extract data proc end : 2019-02-12 16:46:09.297
[2019-02-12 16:46:09] Level Extract data proc start : 2019-02-12 16:46:09.299
[2019-02-12 16:46:09] Level Extract data proc end : 2019-02-12 16:46:09.440
[2019-02-12 16:46:09] Evaluate Level data proc start : 2019-02-12 16:46:09.443
[2019-02-12 16:46:09] Evaluate Level data proc end : 2019-02-12 16:46:09.574
[2019-02-12 16:46:09] Level summary data proc start : 2019-02-12 16:46:09.576
[2019-02-12 16:46:09] Level summary data proc end : 2019-02-12 16:46:09.584
[2019-02-12 16:46:09] summary data proc start : 2019-02-12 16:46:09.586
[2019-02-12 16:46:09] summary data proc end : 2019-02-12 16:46:09.862
[2019-02-12 16:58:43] 배치 Thread 실행
[2019-02-12 16:58:43] Analysis Demon이 시작되었습니다...
[2019-02-12 16:58:44] Extract data proc elapsed time : 287
[2019-02-12 16:58:44] Level etract data proc elapsed time : 127
[2019-02-12 16:58:44] Evaluate level data proc elapsed time : 120
[2019-02-12 16:58:44] Level Summary data proc elapsed time : 8
[2019-02-12 16:58:44] Summary data proc elapsed time : 282
[2019-02-12 17:00:09] 배치 Thread 실행
[2019-02-12 17:00:09] Analysis Demon이 시작되었습니다...
[2019-02-12 17:00:10] Extract data proc elapsed time : 329
[2019-02-12 17:00:10] Level etract data proc elapsed time : 125
[2019-02-12 17:00:11] Evaluate level data proc elapsed time : 191
[2019-02-12 17:00:58] Level Summary data proc elapsed time : 47705
[2019-02-12 17:00:59] Summary data proc elapsed time : 375
[2019-02-12 17:03:55] 배치 Thread 실행
[2019-02-12 17:03:55] Analysis Demon이 시작되었습니다...
[2019-02-12 17:03:56] Extract data proc elapsed time : 265
[2019-02-12 17:03:56] Level etract data proc elapsed time : 115
[2019-02-12 17:03:56] Evaluate level data proc elapsed time : 171
[2019-02-12 17:04:04] Level Summary data proc elapsed time : 7330
[2019-02-12 17:04:04] Summary data proc elapsed time : 309
[2019-02-12 17:11:20] 배치 Thread 실행
[2019-02-12 17:11:20] Analysis Demon이 시작되었습니다...
[2019-02-12 17:11:21] Extract data proc elapsed time : 287
[2019-02-12 17:11:21] Level etract data proc elapsed time : 120
[2019-02-12 17:11:21] Evaluate level data proc elapsed time : 135
[2019-02-12 17:11:21] Level Summary data proc elapsed time : 7
[2019-02-12 17:11:21] Summary data proc elapsed time : 284
[2019-02-12 17:33:24] 배치 Thread 실행
[2019-02-12 17:33:24] Analysis Demon이 시작되었습니다...
[2019-02-12 17:33:25] Extract data proc elapsed time : 556
[2019-02-12 17:33:27] Level etract data proc elapsed time : 1587
[2019-02-12 17:33:48] Evaluate level data proc elapsed time : 21147
[2019-02-12 17:33:48] Level Summary data proc elapsed time : 89
[2019-02-12 17:33:49] Summary data proc elapsed time : 335
[2019-02-12 17:38:41] 배치 Thread 실행
[2019-02-12 17:38:41] Analysis Demon이 시작되었습니다...
[2019-02-12 17:38:41] org.postgresql.util.PSQLException: ERROR: relation "sldm_ac_nad_user30" does not exist
  Position: 13
[2019-02-12 17:38:41] Extract Failed.
[2019-02-12 18:14:51] 배치 Thread 실행
[2019-02-12 18:14:51] Analysis Demon이 시작되었습니다...
[2019-02-12 18:14:52] org.postgresql.util.PSQLException: ERROR: relation "sldm_ac_nad_user30" does not exist
  Position: 13
[2019-02-12 18:14:52] Extract Failed.
[2019-02-12 18:18:32] 배치 Thread 실행
[2019-02-12 18:18:32] Analysis Demon이 시작되었습니다...
[2019-02-12 18:18:34] org.postgresql.util.PSQLException: ERROR: relation "sldm_sdrm_dslog_info" does not exist
  Position: 13
[2019-02-12 18:18:34] Extract Failed.
[2019-02-12 18:21:23] 배치 Thread 실행
[2019-02-12 18:21:23] Analysis Demon이 시작되었습니다...
[2019-02-12 18:21:24] org.postgresql.util.PSQLException: ERROR: value too long for type character varying(5)
[2019-02-12 18:21:24] Extract Failed.
[2019-02-12 18:24:20] 배치 Thread 실행
[2019-02-12 18:24:20] Analysis Demon이 시작되었습니다...
[2019-02-12 18:24:21] org.postgresql.util.PSQLException: ERROR: value too long for type character varying(5)
[2019-02-12 18:24:21] Extract Failed.
[2019-02-12 18:28:54] 배치 Thread 실행
[2019-02-12 18:28:54] Analysis Demon이 시작되었습니다...
[2019-02-12 18:28:56] java.lang.NullPointerException
[2019-02-12 18:28:56] Extract Failed.
[2019-02-12 18:31:44] 배치 Thread 실행
[2019-02-12 18:31:44] Analysis Demon이 시작되었습니다...
[2019-02-12 18:31:46] java.lang.NullPointerException
[2019-02-12 18:31:46] Extract Failed.
[2019-02-12 18:34:51] 배치 Thread 실행
[2019-02-12 18:34:51] Analysis Demon이 시작되었습니다...
[2019-02-12 18:34:52] java.lang.NullPointerException
[2019-02-12 18:34:52] Extract Failed.
[2019-02-12 18:36:23] 배치 Thread 실행
[2019-02-12 18:36:23] Analysis Demon이 시작되었습니다...
[2019-02-12 18:36:24] java.lang.NullPointerException
[2019-02-12 18:36:24] Extract Failed.
[2019-02-12 18:36:45] 배치 Thread 실행
[2019-02-12 18:36:45] Analysis Demon이 시작되었습니다...
[2019-02-12 18:38:27] java.lang.NullPointerException
[2019-02-12 18:38:27] Extract Failed.
[2019-02-12 18:38:35] 배치 Thread 실행
[2019-02-12 18:38:35] Analysis Demon이 시작되었습니다...
[2019-02-12 18:42:03] 배치 Thread 실행
[2019-02-12 18:42:03] Analysis Demon이 시작되었습니다...
[2019-02-12 18:42:09] java.lang.NullPointerException
[2019-02-12 18:42:09] Extract Failed.
[2019-02-12 18:43:05] 배치 Thread 실행
[2019-02-12 18:43:05] Analysis Demon이 시작되었습니다...
[2019-02-12 18:43:06] java.lang.NullPointerException
[2019-02-12 18:43:06] Extract Failed.
[2019-02-12 18:45:28] 배치 Thread 실행
[2019-02-12 18:45:28] Analysis Demon이 시작되었습니다...
[2019-02-12 18:45:29] Extract data proc elapsed time : 682
[2019-02-12 18:45:31] Level etract data proc elapsed time : 1497
[2019-02-12 18:47:27] Evaluate level data proc elapsed time : 116269
[2019-02-12 18:47:27] Level Summary data proc elapsed time : 77
[2019-02-12 18:47:27] org.postgresql.util.PSQLException: ERROR: value too long for type character varying(5)
[2019-02-12 18:47:27] Summary Failed.
[2019-02-12 18:49:35] 배치 Thread 실행
[2019-02-12 18:49:35] Analysis Demon이 시작되었습니다...
[2019-02-12 18:49:36] Extract data proc elapsed time : 710
[2019-02-12 18:49:38] Level etract data proc elapsed time : 1515
[2019-02-12 18:51:36] Evaluate level data proc elapsed time : 118332
[2019-02-12 18:51:36] Level Summary data proc elapsed time : 87
[2019-02-12 18:51:36] Summary data proc elapsed time : 306
